<?xml version="1.0" encoding="UTF-8"?>
<!-- Generated by org.testng.reporters.JUnitXMLReporter -->
<testsuite ignored="0" hostname="DESKTOP-8K3BVFP" failures="0" tests="4" name="Test" time="8.16" errors="0" timestamp="2024-12-02T11:51:36 IST">
  <testcase classname="day8.createUser" name="creatUser" time="5.652"/>
  <testcase classname="day8.getUser" name="getUser" time="0.404"/>
  <testcase classname="day8.updateUser" name="updateUser" time="1.228"/>
  <testcase classname="day8.deleteUser" name="creatUser" time="0.784"/>
</testsuite> <!-- Test -->
